2025/10/26 15:40:55 [emerg] 1#1: host not found in upstream "backend:8080" in /etc/nginx/conf.d/tradstry.conf:12
2025/10/26 15:41:10 [warn] 1#1: the "listen ... http2" directive is deprecated, use the "http2" directive instead in /etc/nginx/conf.d/tradstry.conf:34
2025/10/26 15:41:10 [emerg] 1#1: cannot load certificate "/etc/nginx/ssl/tradstry.com.crt": BIO_new_file() failed (SSL: error:80000002:system library::No such file or directory:calling fopen(/etc/nginx/ssl/tradstry.com.crt, r) error:10000080:BIO routines::no such file)
2025/10/26 15:41:40 [emerg] 1#1: host not found in upstream "backend:8080" in /etc/nginx/conf.d/tradstry.conf:12
2025/10/26 15:42:07 [warn] 1#1: the "listen ... http2" directive is deprecated, use the "http2" directive instead in /etc/nginx/conf.d/tradstry.conf:34
2025/10/26 15:42:07 [emerg] 1#1: cannot load certificate "/etc/nginx/ssl/tradstry.com.crt": BIO_new_file() failed (SSL: error:80000002:system library::No such file or directory:calling fopen(/etc/nginx/ssl/tradstry.com.crt, r) error:10000080:BIO routines::no such file)
2025/10/26 15:42:27 [warn] 1#1: the "listen ... http2" directive is deprecated, use the "http2" directive instead in /etc/nginx/conf.d/tradstry.conf:34
2025/10/26 15:42:27 [emerg] 1#1: cannot load certificate "/etc/nginx/ssl/tradstry.com.crt": BIO_new_file() failed (SSL: error:80000002:system library::No such file or directory:calling fopen(/etc/nginx/ssl/tradstry.com.crt, r) error:10000080:BIO routines::no such file)
2025/10/26 15:42:37 [emerg] 1#1: host not found in upstream "backend:8080" in /etc/nginx/conf.d/tradstry.conf:12
2025/10/26 15:42:53 [warn] 1#1: the "listen ... http2" directive is deprecated, use the "http2" directive instead in /etc/nginx/conf.d/tradstry.conf:34
2025/10/26 15:42:53 [emerg] 1#1: cannot load certificate "/etc/nginx/ssl/tradstry.com.crt": BIO_new_file() failed (SSL: error:80000002:system library::No such file or directory:calling fopen(/etc/nginx/ssl/tradstry.com.crt, r) error:10000080:BIO routines::no such file)
2025/10/26 15:43:06 [emerg] 1#1: host not found in upstream "backend:8080" in /etc/nginx/conf.d/tradstry.conf:12
2025/10/26 15:43:14 [emerg] 1#1: host not found in upstream "backend:8080" in /etc/nginx/conf.d/tradstry.conf:12
2025/10/26 15:43:23 [emerg] 1#1: host not found in upstream "backend:8080" in /etc/nginx/conf.d/tradstry.conf:12
2025/10/26 15:43:31 [emerg] 1#1: host not found in upstream "backend:8080" in /etc/nginx/conf.d/tradstry.conf:12
2025/10/26 15:43:44 [emerg] 1#1: host not found in upstream "backend:8080" in /etc/nginx/conf.d/tradstry.conf:12
2025/10/26 15:44:04 [emerg] 1#1: host not found in upstream "backend:8080" in /etc/nginx/conf.d/tradstry.conf:12
2025/10/26 15:44:36 [emerg] 1#1: host not found in upstream "backend:8080" in /etc/nginx/conf.d/tradstry.conf:12
2025/10/26 15:45:35 [emerg] 1#1: host not found in upstream "backend:8080" in /etc/nginx/conf.d/tradstry.conf:12
2025/10/26 16:29:59 [emerg] 1#1: host not found in upstream "backend:8080" in /etc/nginx/conf.d/tradstry.conf:12
2025/10/26 16:30:24 [warn] 1#1: the "listen ... http2" directive is deprecated, use the "http2" directive instead in /etc/nginx/conf.d/tradstry.conf:34
2025/10/26 16:30:24 [emerg] 1#1: cannot load certificate "/etc/nginx/ssl/tradstry.com.crt": BIO_new_file() failed (SSL: error:80000002:system library::No such file or directory:calling fopen(/etc/nginx/ssl/tradstry.com.crt, r) error:10000080:BIO routines::no such file)
2025/10/26 16:30:28 [warn] 1#1: the "listen ... http2" directive is deprecated, use the "http2" directive instead in /etc/nginx/conf.d/tradstry.conf:34
2025/10/26 16:30:28 [emerg] 1#1: cannot load certificate "/etc/nginx/ssl/tradstry.com.crt": BIO_new_file() failed (SSL: error:80000002:system library::No such file or directory:calling fopen(/etc/nginx/ssl/tradstry.com.crt, r) error:10000080:BIO routines::no such file)
2025/10/26 16:30:32 [warn] 1#1: the "listen ... http2" directive is deprecated, use the "http2" directive instead in /etc/nginx/conf.d/tradstry.conf:34
2025/10/26 16:30:32 [emerg] 1#1: cannot load certificate "/etc/nginx/ssl/tradstry.com.crt": BIO_new_file() failed (SSL: error:80000002:system library::No such file or directory:calling fopen(/etc/nginx/ssl/tradstry.com.crt, r) error:10000080:BIO routines::no such file)
2025/10/26 16:30:36 [emerg] 1#1: host not found in upstream "backend:8080" in /etc/nginx/conf.d/tradstry.conf:12
2025/10/26 16:30:40 [emerg] 1#1: host not found in upstream "backend:8080" in /etc/nginx/conf.d/tradstry.conf:12
2025/10/26 16:30:44 [emerg] 1#1: host not found in upstream "backend:8080" in /etc/nginx/conf.d/tradstry.conf:12
2025/10/26 16:30:48 [emerg] 1#1: host not found in upstream "backend:8080" in /etc/nginx/conf.d/tradstry.conf:12
2025/10/26 16:30:56 [emerg] 1#1: host not found in upstream "backend:8080" in /etc/nginx/conf.d/tradstry.conf:12
2025/10/26 16:31:09 [emerg] 1#1: host not found in upstream "backend:8080" in /etc/nginx/conf.d/tradstry.conf:12
2025/10/26 16:31:36 [emerg] 1#1: host not found in upstream "backend:8080" in /etc/nginx/conf.d/tradstry.conf:12
2025/10/26 16:32:29 [emerg] 1#1: host not found in upstream "backend:8080" in /etc/nginx/conf.d/tradstry.conf:12
2025/10/26 16:33:30 [emerg] 1#1: host not found in upstream "backend:8080" in /etc/nginx/conf.d/tradstry.conf:12
2025/10/26 16:34:30 [emerg] 1#1: host not found in upstream "backend:8080" in /etc/nginx/conf.d/tradstry.conf:12
2025/10/26 16:35:30 [emerg] 1#1: host not found in upstream "backend:8080" in /etc/nginx/conf.d/tradstry.conf:12
2025/10/26 16:36:33 [emerg] 1#1: host not found in upstream "backend:8080" in /etc/nginx/conf.d/tradstry.conf:12
2025/10/26 16:37:27 [warn] 1#1: the "listen ... http2" directive is deprecated, use the "http2" directive instead in /etc/nginx/conf.d/tradstry.conf:34
2025/10/26 16:37:27 [emerg] 1#1: cannot load certificate "/etc/nginx/ssl/tradstry.com.crt": BIO_new_file() failed (SSL: error:80000002:system library::No such file or directory:calling fopen(/etc/nginx/ssl/tradstry.com.crt, r) error:10000080:BIO routines::no such file)
2025/10/26 16:37:31 [warn] 1#1: the "listen ... http2" directive is deprecated, use the "http2" directive instead in /etc/nginx/conf.d/tradstry.conf:34
2025/10/26 16:37:31 [emerg] 1#1: cannot load certificate "/etc/nginx/ssl/tradstry.com.crt": BIO_new_file() failed (SSL: error:80000002:system library::No such file or directory:calling fopen(/etc/nginx/ssl/tradstry.com.crt, r) error:10000080:BIO routines::no such file)
2025/10/26 16:37:33 [emerg] 1#1: host not found in upstream "backend:8080" in /etc/nginx/conf.d/tradstry.conf:12
2025/10/26 16:37:37 [emerg] 1#1: host not found in upstream "backend:8080" in /etc/nginx/conf.d/tradstry.conf:12
2025/10/26 16:37:40 [emerg] 1#1: host not found in upstream "backend:8080" in /etc/nginx/conf.d/tradstry.conf:12
2025/10/26 16:37:44 [warn] 1#1: the "listen ... http2" directive is deprecated, use the "http2" directive instead in /etc/nginx/conf.d/tradstry.conf:34
2025/10/26 16:37:44 [emerg] 1#1: cannot load certificate "/etc/nginx/ssl/tradstry.com.crt": BIO_new_file() failed (SSL: error:80000002:system library::No such file or directory:calling fopen(/etc/nginx/ssl/tradstry.com.crt, r) error:10000080:BIO routines::no such file)
2025/10/26 16:37:48 [emerg] 1#1: host not found in upstream "backend:8080" in /etc/nginx/conf.d/tradstry.conf:12
2025/10/26 16:37:56 [emerg] 1#1: host not found in upstream "backend:8080" in /etc/nginx/conf.d/tradstry.conf:12
2025/10/26 16:38:09 [emerg] 1#1: host not found in upstream "backend:8080" in /etc/nginx/conf.d/tradstry.conf:12
2025/10/26 16:38:36 [emerg] 1#1: host not found in upstream "backend:8080" in /etc/nginx/conf.d/tradstry.conf:12
2025/10/26 16:39:28 [emerg] 1#1: host not found in upstream "backend:8080" in /etc/nginx/conf.d/tradstry.conf:12
2025/10/26 16:40:30 [emerg] 1#1: host not found in upstream "backend:8080" in /etc/nginx/conf.d/tradstry.conf:12
2025/10/26 16:41:32 [emerg] 1#1: host not found in upstream "backend:8080" in /etc/nginx/conf.d/tradstry.conf:12
2025/10/26 16:42:37 [emerg] 1#1: host not found in upstream "backend:8080" in /etc/nginx/conf.d/tradstry.conf:12
2025/10/26 16:43:58 [emerg] 1#1: host not found in upstream "backend:8080" in /etc/nginx/conf.d/tradstry.conf:12
2025/10/26 16:44:05 [emerg] 1#1: host not found in upstream "backend:8080" in /etc/nginx/conf.d/tradstry.conf:12
2025/10/26 16:44:16 [emerg] 1#1: host not found in upstream "backend:8080" in /etc/nginx/conf.d/tradstry.conf:12
2025/10/26 16:44:26 [emerg] 1#1: host not found in upstream "backend:8080" in /etc/nginx/conf.d/tradstry.conf:12
2025/10/26 16:44:39 [emerg] 1#1: host not found in upstream "backend:8080" in /etc/nginx/conf.d/tradstry.conf:12
2025/10/26 16:44:47 [warn] 1#1: the "listen ... http2" directive is deprecated, use the "http2" directive instead in /etc/nginx/conf.d/tradstry.conf:34
2025/10/26 16:44:47 [emerg] 1#1: cannot load certificate "/etc/nginx/ssl/tradstry.com.crt": BIO_new_file() failed (SSL: error:80000002:system library::No such file or directory:calling fopen(/etc/nginx/ssl/tradstry.com.crt, r) error:10000080:BIO routines::no such file)
2025/10/26 16:44:50 [warn] 1#1: the "listen ... http2" directive is deprecated, use the "http2" directive instead in /etc/nginx/conf.d/tradstry.conf:34
2025/10/26 16:44:50 [emerg] 1#1: cannot load certificate "/etc/nginx/ssl/tradstry.com.crt": BIO_new_file() failed (SSL: error:80000002:system library::No such file or directory:calling fopen(/etc/nginx/ssl/tradstry.com.crt, r) error:10000080:BIO routines::no such file)
2025/10/26 16:44:55 [emerg] 1#1: host not found in upstream "backend:8080" in /etc/nginx/conf.d/tradstry.conf:12
2025/10/26 16:44:59 [emerg] 1#1: host not found in upstream "backend:8080" in /etc/nginx/conf.d/tradstry.conf:12
2025/10/26 16:45:03 [emerg] 1#1: host not found in upstream "backend:8080" in /etc/nginx/conf.d/tradstry.conf:12
2025/10/26 16:45:07 [emerg] 1#1: host not found in upstream "backend:8080" in /etc/nginx/conf.d/tradstry.conf:12
2025/10/26 16:45:17 [emerg] 1#1: host not found in upstream "backend:8080" in /etc/nginx/conf.d/tradstry.conf:12
2025/10/26 16:45:31 [emerg] 1#1: host not found in upstream "backend:8080" in /etc/nginx/conf.d/tradstry.conf:12
2025/10/26 16:49:08 [emerg] 1#1: host not found in upstream "backend:8080" in /etc/nginx/conf.d/tradstry.conf:12
2025/10/26 16:49:10 [emerg] 1#1: host not found in upstream "backend:8080" in /etc/nginx/conf.d/tradstry.conf:12
2025/10/26 16:49:12 [emerg] 1#1: host not found in upstream "backend:8080" in /etc/nginx/conf.d/tradstry.conf:12
2025/10/26 16:49:13 [emerg] 1#1: host not found in upstream "backend:8080" in /etc/nginx/conf.d/tradstry.conf:12
2025/10/26 16:49:14 [emerg] 1#1: host not found in upstream "backend:8080" in /etc/nginx/conf.d/tradstry.conf:12
2025/10/26 16:49:17 [emerg] 1#1: host not found in upstream "backend:8080" in /etc/nginx/conf.d/tradstry.conf:12
2025/10/26 16:49:21 [emerg] 1#1: host not found in upstream "backend:8080" in /etc/nginx/conf.d/tradstry.conf:12
2025/10/26 16:49:30 [emerg] 1#1: host not found in upstream "backend:8080" in /etc/nginx/conf.d/tradstry.conf:12
2025/10/26 18:29:09 [warn] 1#1: the "listen ... http2" directive is deprecated, use the "http2" directive instead in /etc/nginx/conf.d/tradstry.conf:34
2025/10/26 18:29:09 [emerg] 1#1: cannot load certificate "/etc/nginx/ssl/tradstry.com.crt": BIO_new_file() failed (SSL: error:80000002:system library::No such file or directory:calling fopen(/etc/nginx/ssl/tradstry.com.crt, r) error:10000080:BIO routines::no such file)
2025/10/26 18:29:10 [warn] 1#1: the "listen ... http2" directive is deprecated, use the "http2" directive instead in /etc/nginx/conf.d/tradstry.conf:34
2025/10/26 18:29:10 [emerg] 1#1: cannot load certificate "/etc/nginx/ssl/tradstry.com.crt": BIO_new_file() failed (SSL: error:80000002:system library::No such file or directory:calling fopen(/etc/nginx/ssl/tradstry.com.crt, r) error:10000080:BIO routines::no such file)
2025/10/26 18:29:11 [warn] 1#1: the "listen ... http2" directive is deprecated, use the "http2" directive instead in /etc/nginx/conf.d/tradstry.conf:34
2025/10/26 18:29:11 [emerg] 1#1: cannot load certificate "/etc/nginx/ssl/tradstry.com.crt": BIO_new_file() failed (SSL: error:80000002:system library::No such file or directory:calling fopen(/etc/nginx/ssl/tradstry.com.crt, r) error:10000080:BIO routines::no such file)
2025/10/26 18:29:12 [warn] 1#1: the "listen ... http2" directive is deprecated, use the "http2" directive instead in /etc/nginx/conf.d/tradstry.conf:34
2025/10/26 18:29:12 [emerg] 1#1: cannot load certificate "/etc/nginx/ssl/tradstry.com.crt": BIO_new_file() failed (SSL: error:80000002:system library::No such file or directory:calling fopen(/etc/nginx/ssl/tradstry.com.crt, r) error:10000080:BIO routines::no such file)
2025/10/26 18:29:14 [warn] 1#1: the "listen ... http2" directive is deprecated, use the "http2" directive instead in /etc/nginx/conf.d/tradstry.conf:34
2025/10/26 18:29:14 [emerg] 1#1: cannot load certificate "/etc/nginx/ssl/tradstry.com.crt": BIO_new_file() failed (SSL: error:80000002:system library::No such file or directory:calling fopen(/etc/nginx/ssl/tradstry.com.crt, r) error:10000080:BIO routines::no such file)
2025/10/26 18:29:17 [warn] 1#1: the "listen ... http2" directive is deprecated, use the "http2" directive instead in /etc/nginx/conf.d/tradstry.conf:34
2025/10/26 18:29:17 [emerg] 1#1: cannot load certificate "/etc/nginx/ssl/tradstry.com.crt": BIO_new_file() failed (SSL: error:80000002:system library::No such file or directory:calling fopen(/etc/nginx/ssl/tradstry.com.crt, r) error:10000080:BIO routines::no such file)
2025/10/26 18:29:21 [warn] 1#1: the "listen ... http2" directive is deprecated, use the "http2" directive instead in /etc/nginx/conf.d/tradstry.conf:34
2025/10/26 18:29:21 [emerg] 1#1: cannot load certificate "/etc/nginx/ssl/tradstry.com.crt": BIO_new_file() failed (SSL: error:80000002:system library::No such file or directory:calling fopen(/etc/nginx/ssl/tradstry.com.crt, r) error:10000080:BIO routines::no such file)
2025/10/26 18:29:28 [warn] 1#1: the "listen ... http2" directive is deprecated, use the "http2" directive instead in /etc/nginx/conf.d/tradstry.conf:34
2025/10/26 18:29:28 [emerg] 1#1: cannot load certificate "/etc/nginx/ssl/tradstry.com.crt": BIO_new_file() failed (SSL: error:80000002:system library::No such file or directory:calling fopen(/etc/nginx/ssl/tradstry.com.crt, r) error:10000080:BIO routines::no such file)
2025/10/26 18:29:42 [warn] 1#1: the "listen ... http2" directive is deprecated, use the "http2" directive instead in /etc/nginx/conf.d/tradstry.conf:34
2025/10/26 18:29:42 [emerg] 1#1: cannot load certificate "/etc/nginx/ssl/tradstry.com.crt": BIO_new_file() failed (SSL: error:80000002:system library::No such file or directory:calling fopen(/etc/nginx/ssl/tradstry.com.crt, r) error:10000080:BIO routines::no such file)
2025/10/26 18:30:09 [notice] 1#1: using the "epoll" event method
2025/10/26 18:30:09 [notice] 1#1: nginx/1.29.2
2025/10/26 18:30:09 [notice] 1#1: built by gcc 14.2.0 (Alpine 14.2.0) 
2025/10/26 18:30:09 [notice] 1#1: OS: Linux 6.10.14-linuxkit
2025/10/26 18:30:09 [notice] 1#1: getrlimit(RLIMIT_NOFILE): 1048576:1048576
2025/10/26 18:30:09 [notice] 1#1: start worker processes
2025/10/26 18:30:09 [notice] 1#1: start worker process 21
2025/10/26 18:30:09 [notice] 1#1: start worker process 22
2025/10/26 18:30:09 [notice] 1#1: start worker process 23
2025/10/26 18:30:09 [notice] 1#1: start worker process 24
2025/10/26 18:30:16 [notice] 1#1: signal 3 (SIGQUIT) received, shutting down
2025/10/26 18:30:16 [notice] 24#24: gracefully shutting down
2025/10/26 18:30:16 [notice] 24#24: exiting
2025/10/26 18:30:16 [notice] 21#21: gracefully shutting down
2025/10/26 18:30:16 [notice] 21#21: exiting
2025/10/26 18:30:16 [notice] 23#23: gracefully shutting down
2025/10/26 18:30:16 [notice] 23#23: exiting
2025/10/26 18:30:16 [notice] 22#22: gracefully shutting down
2025/10/26 18:30:16 [notice] 22#22: exiting
2025/10/26 18:30:16 [notice] 24#24: exit
2025/10/26 18:30:16 [notice] 21#21: exit
2025/10/26 18:30:16 [notice] 23#23: exit
2025/10/26 18:30:16 [notice] 22#22: exit
2025/10/26 18:30:16 [notice] 1#1: signal 17 (SIGCHLD) received from 21
2025/10/26 18:30:16 [notice] 1#1: worker process 21 exited with code 0
2025/10/26 18:30:16 [notice] 1#1: signal 29 (SIGIO) received
2025/10/26 18:30:16 [notice] 1#1: signal 17 (SIGCHLD) received from 24
2025/10/26 18:30:16 [notice] 1#1: worker process 23 exited with code 0
2025/10/26 18:30:16 [notice] 1#1: worker process 24 exited with code 0
2025/10/26 18:30:16 [notice] 1#1: signal 29 (SIGIO) received
2025/10/26 18:30:16 [notice] 1#1: signal 17 (SIGCHLD) received from 23
2025/10/26 18:30:16 [notice] 1#1: signal 17 (SIGCHLD) received from 22
2025/10/26 18:30:16 [notice] 1#1: worker process 22 exited with code 0
2025/10/26 18:30:16 [notice] 1#1: exit
2025/10/26 19:14:54 [notice] 1#1: using the "epoll" event method
2025/10/26 19:14:54 [notice] 1#1: nginx/1.29.2
2025/10/26 19:14:54 [notice] 1#1: built by gcc 14.2.0 (Alpine 14.2.0) 
2025/10/26 19:14:54 [notice] 1#1: OS: Linux 6.10.14-linuxkit
2025/10/26 19:14:54 [notice] 1#1: getrlimit(RLIMIT_NOFILE): 1048576:1048576
2025/10/26 19:14:54 [notice] 1#1: start worker processes
2025/10/26 19:14:54 [notice] 1#1: start worker process 30
2025/10/26 19:14:54 [notice] 1#1: start worker process 31
2025/10/26 19:14:54 [notice] 1#1: start worker process 32
2025/10/26 19:14:54 [notice] 1#1: start worker process 33
2025/10/26 21:04:48 [notice] 1#1: using the "epoll" event method
2025/10/26 21:04:48 [notice] 1#1: nginx/1.29.2
2025/10/26 21:04:48 [notice] 1#1: built by gcc 14.2.0 (Alpine 14.2.0) 
2025/10/26 21:04:48 [notice] 1#1: OS: Linux 6.10.14-linuxkit
2025/10/26 21:04:48 [notice] 1#1: getrlimit(RLIMIT_NOFILE): 1048576:1048576
2025/10/26 21:04:48 [notice] 1#1: start worker processes
2025/10/26 21:04:48 [notice] 1#1: start worker process 21
2025/10/26 21:04:48 [notice] 1#1: start worker process 22
2025/10/26 21:04:48 [notice] 1#1: start worker process 23
2025/10/26 21:04:48 [notice] 1#1: start worker process 24
2025/10/26 21:05:18 [notice] 1#1: signal 3 (SIGQUIT) received, shutting down
2025/10/26 21:05:18 [notice] 21#21: gracefully shutting down
2025/10/26 21:05:18 [notice] 21#21: exiting
2025/10/26 21:05:18 [notice] 22#22: gracefully shutting down
2025/10/26 21:05:18 [notice] 22#22: exiting
2025/10/26 21:05:18 [notice] 23#23: gracefully shutting down
2025/10/26 21:05:18 [notice] 23#23: exiting
2025/10/26 21:05:18 [notice] 24#24: gracefully shutting down
2025/10/26 21:05:18 [notice] 24#24: exiting
2025/10/26 21:05:18 [notice] 22#22: exit
2025/10/26 21:05:18 [notice] 21#21: exit
2025/10/26 21:05:18 [notice] 23#23: exit
2025/10/26 21:05:18 [notice] 24#24: exit
2025/10/26 21:05:18 [notice] 1#1: signal 17 (SIGCHLD) received from 22
2025/10/26 21:05:18 [notice] 1#1: worker process 22 exited with code 0
2025/10/26 21:05:18 [notice] 1#1: worker process 23 exited with code 0
2025/10/26 21:05:18 [notice] 1#1: worker process 24 exited with code 0
2025/10/26 21:05:18 [notice] 1#1: signal 29 (SIGIO) received
2025/10/26 21:05:18 [notice] 1#1: signal 17 (SIGCHLD) received from 24
2025/10/26 21:05:18 [notice] 1#1: signal 17 (SIGCHLD) received from 21
2025/10/26 21:05:18 [notice] 1#1: worker process 21 exited with code 0
2025/10/26 21:05:18 [notice] 1#1: exit
